07:34:37.114 DEBUG i.n.u.i.l.InternalLoggerFactory - Using SLF4J as the default logging framework - (InternalLoggerFactory.java:63) 
07:34:37.130 DEBUG io.netty.util.ResourceLeakDetector - -Dio.netty.leakDetection.level: simple - (ResourceLeakDetector.java:129) 
07:34:37.131 DEBUG io.netty.util.ResourceLeakDetector - -Dio.netty.leakDetection.targetRecords: 4 - (ResourceLeakDetector.java:130) 
07:34:37.144 DEBUG i.n.util.ResourceLeakDetectorFactory - Loaded default ResourceLeakDetector: io.netty.util.ResourceLeakDetector@5f6722d3 - (ResourceLeakDetectorFactory.java:196) 
07:34:37.214 DEBUG i.n.util.internal.PlatformDependent - Platform: Windows - (PlatformDependent.java:1063) 
07:34:37.220 DEBUG i.n.util.internal.PlatformDependent0 - -Dio.netty.noUnsafe: false - (PlatformDependent0.java:433) 
07:34:37.221 DEBUG i.n.util.internal.PlatformDependent0 - Java version: 16 - (PlatformDependent0.java:927) 
07:34:37.225 DEBUG i.n.util.internal.PlatformDependent0 - sun.misc.Unsafe.theUnsafe: available - (PlatformDependent0.java:131) 
07:34:37.226 DEBUG i.n.util.internal.PlatformDependent0 - sun.misc.Unsafe.copyMemory: available - (PlatformDependent0.java:155) 
07:34:37.228 DEBUG i.n.util.internal.PlatformDependent0 - java.nio.Buffer.address: available - (PlatformDependent0.java:193) 
07:34:37.233 DEBUG i.n.util.internal.PlatformDependent0 - direct buffer constructor: unavailable - (PlatformDependent0.java:267) 
java.lang.UnsupportedOperationException: Reflective setAccessible(true) disabled
	at io.netty.util.internal.ReflectionUtil.trySetAccessible(ReflectionUtil.java:31)
	at io.netty.util.internal.PlatformDependent0$4.run(PlatformDependent0.java:239)
	at java.base/java.security.AccessController.doPrivileged(AccessController.java:312)
	at io.netty.util.internal.PlatformDependent0.<clinit>(PlatformDependent0.java:233)
	at io.netty.util.internal.PlatformDependent.isAndroid(PlatformDependent.java:294)
	at io.netty.util.internal.PlatformDependent.<clinit>(PlatformDependent.java:93)
	at io.netty.util.HashedWheelTimer.<init>(HashedWheelTimer.java:109)
	at io.netty.util.HashedWheelTimer.<init>(HashedWheelTimer.java:218)
	at io.netty.util.HashedWheelTimer.<init>(HashedWheelTimer.java:197)
	at org.asynchttpclient.DefaultAsyncHttpClient.newNettyTimer(DefaultAsyncHttpClient.java:111)
	at org.asynchttpclient.DefaultAsyncHttpClient.<init>(DefaultAsyncHttpClient.java:90)
	at org.asynchttpclient.Dsl.asyncHttpClient(Dsl.java:32)
	at org.openqa.selenium.remote.http.netty.NettyClient.createHttpClient(NettyClient.java:100)
	at org.openqa.selenium.remote.http.netty.NettyClient.<clinit>(NettyClient.java:51)
	at org.openqa.selenium.remote.http.netty.NettyClient$Factory.createClient(NettyClient.java:149)
	at org.openqa.selenium.remote.HttpCommandExecutor.<init>(HttpCommandExecutor.java:107)
	at org.openqa.selenium.remote.HttpCommandExecutor.<init>(HttpCommandExecutor.java:94)
	at org.openqa.selenium.remote.HttpCommandExecutor.<init>(HttpCommandExecutor.java:85)
	at org.openqa.selenium.remote.service.DriverCommandExecutor.<init>(DriverCommandExecutor.java:77)
	at org.openqa.selenium.chromium.ChromiumDriverCommandExecutor.<init>(ChromiumDriverCommandExecutor.java:78)
	at org.openqa.selenium.chrome.ChromeDriver.<init>(ChromeDriver.java:99)
	at org.openqa.selenium.chrome.ChromeDriver.<init>(ChromeDriver.java:86)
	at org.openqa.selenium.chrome.ChromeDriver.<init>(ChromeDriver.java:41)
	at drivercomponents.DriverFactory.createInstance(DriverFactory.java:24)
	at baseclass.BaseTestSet.setUp(BaseTestSet.java:44)
	at java.base/jdk.internal.reflect.NativeMethodAccessorImpl.invoke0(Native Method)
	at java.base/jdk.internal.reflect.NativeMethodAccessorImpl.invoke(NativeMethodAccessorImpl.java:78)
	at java.base/jdk.internal.reflect.DelegatingMethodAccessorImpl.invoke(DelegatingMethodAccessorImpl.java:43)
	at java.base/java.lang.reflect.Method.invoke(Method.java:567)
	at org.testng.internal.MethodInvocationHelper.invokeMethod(MethodInvocationHelper.java:133)
	at org.testng.internal.MethodInvocationHelper.invokeMethodConsideringTimeout(MethodInvocationHelper.java:62)
	at org.testng.internal.ConfigInvoker.invokeConfigurationMethod(ConfigInvoker.java:385)
	at org.testng.internal.ConfigInvoker.invokeConfigurations(ConfigInvoker.java:321)
	at org.testng.internal.TestInvoker.runConfigMethods(TestInvoker.java:700)
	at org.testng.internal.TestInvoker.invokeMethod(TestInvoker.java:527)
	at org.testng.internal.TestInvoker.invokeTestMethod(TestInvoker.java:173)
	at org.testng.internal.MethodRunner.runInSequence(MethodRunner.java:46)
	at org.testng.internal.TestInvoker$MethodInvocationAgent.invoke(TestInvoker.java:824)
	at org.testng.internal.TestInvoker.invokeTestMethods(TestInvoker.java:146)
	at org.testng.internal.TestMethodWorker.invokeTestMethods(TestMethodWorker.java:146)
	at org.testng.internal.TestMethodWorker.run(TestMethodWorker.java:128)
	at java.base/java.util.ArrayList.forEach(ArrayList.java:1511)
	at org.testng.TestRunner.privateRun(TestRunner.java:794)
	at org.testng.TestRunner.run(TestRunner.java:596)
	at org.testng.SuiteRunner.runTest(SuiteRunner.java:377)
	at org.testng.SuiteRunner.runSequentially(SuiteRunner.java:371)
	at org.testng.SuiteRunner.privateRun(SuiteRunner.java:332)
	at org.testng.SuiteRunner.run(SuiteRunner.java:276)
	at org.testng.SuiteRunnerWorker.runSuite(SuiteRunnerWorker.java:53)
	at org.testng.SuiteRunnerWorker.run(SuiteRunnerWorker.java:96)
	at org.testng.TestNG.runSuitesSequentially(TestNG.java:1212)
	at org.testng.TestNG.runSuitesLocally(TestNG.java:1134)
	at org.testng.TestNG.runSuites(TestNG.java:1063)
	at org.testng.TestNG.run(TestNG.java:1031)
	at org.testng.remote.AbstractRemoteTestNG.run(AbstractRemoteTestNG.java:115)
	at org.testng.remote.RemoteTestNG.initAndRun(RemoteTestNG.java:251)
	at org.testng.remote.RemoteTestNG.main(RemoteTestNG.java:77)
07:34:37.236 DEBUG i.n.util.internal.PlatformDependent0 - java.nio.Bits.unaligned: available, true - (PlatformDependent0.java:332) 
07:34:37.240 DEBUG i.n.util.internal.PlatformDependent0 - jdk.internal.misc.Unsafe.allocateUninitializedArray(int): unavailable - (PlatformDependent0.java:391) 
java.lang.IllegalAccessException: class io.netty.util.internal.PlatformDependent0$6 cannot access class jdk.internal.misc.Unsafe (in module java.base) because module java.base does not export jdk.internal.misc to unnamed module @3551a94
	at java.base/jdk.internal.reflect.Reflection.newIllegalAccessException(Reflection.java:385)
	at java.base/java.lang.reflect.AccessibleObject.checkAccess(AccessibleObject.java:687)
	at java.base/java.lang.reflect.Method.invoke(Method.java:559)
	at io.netty.util.internal.PlatformDependent0$6.run(PlatformDependent0.java:353)
	at java.base/java.security.AccessController.doPrivileged(AccessController.java:312)
	at io.netty.util.internal.PlatformDependent0.<clinit>(PlatformDependent0.java:344)
	at io.netty.util.internal.PlatformDependent.isAndroid(PlatformDependent.java:294)
	at io.netty.util.internal.PlatformDependent.<clinit>(PlatformDependent.java:93)
	at io.netty.util.HashedWheelTimer.<init>(HashedWheelTimer.java:109)
	at io.netty.util.HashedWheelTimer.<init>(HashedWheelTimer.java:218)
	at io.netty.util.HashedWheelTimer.<init>(HashedWheelTimer.java:197)
	at org.asynchttpclient.DefaultAsyncHttpClient.newNettyTimer(DefaultAsyncHttpClient.java:111)
	at org.asynchttpclient.DefaultAsyncHttpClient.<init>(DefaultAsyncHttpClient.java:90)
	at org.asynchttpclient.Dsl.asyncHttpClient(Dsl.java:32)
	at org.openqa.selenium.remote.http.netty.NettyClient.createHttpClient(NettyClient.java:100)
	at org.openqa.selenium.remote.http.netty.NettyClient.<clinit>(NettyClient.java:51)
	at org.openqa.selenium.remote.http.netty.NettyClient$Factory.createClient(NettyClient.java:149)
	at org.openqa.selenium.remote.HttpCommandExecutor.<init>(HttpCommandExecutor.java:107)
	at org.openqa.selenium.remote.HttpCommandExecutor.<init>(HttpCommandExecutor.java:94)
	at org.openqa.selenium.remote.HttpCommandExecutor.<init>(HttpCommandExecutor.java:85)
	at org.openqa.selenium.remote.service.DriverCommandExecutor.<init>(DriverCommandExecutor.java:77)
	at org.openqa.selenium.chromium.ChromiumDriverCommandExecutor.<init>(ChromiumDriverCommandExecutor.java:78)
	at org.openqa.selenium.chrome.ChromeDriver.<init>(ChromeDriver.java:99)
	at org.openqa.selenium.chrome.ChromeDriver.<init>(ChromeDriver.java:86)
	at org.openqa.selenium.chrome.ChromeDriver.<init>(ChromeDriver.java:41)
	at drivercomponents.DriverFactory.createInstance(DriverFactory.java:24)
	at baseclass.BaseTestSet.setUp(BaseTestSet.java:44)
	at java.base/jdk.internal.reflect.NativeMethodAccessorImpl.invoke0(Native Method)
	at java.base/jdk.internal.reflect.NativeMethodAccessorImpl.invoke(NativeMethodAccessorImpl.java:78)
	at java.base/jdk.internal.reflect.DelegatingMethodAccessorImpl.invoke(DelegatingMethodAccessorImpl.java:43)
	at java.base/java.lang.reflect.Method.invoke(Method.java:567)
	at org.testng.internal.MethodInvocationHelper.invokeMethod(MethodInvocationHelper.java:133)
	at org.testng.internal.MethodInvocationHelper.invokeMethodConsideringTimeout(MethodInvocationHelper.java:62)
	at org.testng.internal.ConfigInvoker.invokeConfigurationMethod(ConfigInvoker.java:385)
	at org.testng.internal.ConfigInvoker.invokeConfigurations(ConfigInvoker.java:321)
	at org.testng.internal.TestInvoker.runConfigMethods(TestInvoker.java:700)
	at org.testng.internal.TestInvoker.invokeMethod(TestInvoker.java:527)
	at org.testng.internal.TestInvoker.invokeTestMethod(TestInvoker.java:173)
	at org.testng.internal.MethodRunner.runInSequence(MethodRunner.java:46)
	at org.testng.internal.TestInvoker$MethodInvocationAgent.invoke(TestInvoker.java:824)
	at org.testng.internal.TestInvoker.invokeTestMethods(TestInvoker.java:146)
	at org.testng.internal.TestMethodWorker.invokeTestMethods(TestMethodWorker.java:146)
	at org.testng.internal.TestMethodWorker.run(TestMethodWorker.java:128)
	at java.base/java.util.ArrayList.forEach(ArrayList.java:1511)
	at org.testng.TestRunner.privateRun(TestRunner.java:794)
	at org.testng.TestRunner.run(TestRunner.java:596)
	at org.testng.SuiteRunner.runTest(SuiteRunner.java:377)
	at org.testng.SuiteRunner.runSequentially(SuiteRunner.java:371)
	at org.testng.SuiteRunner.privateRun(SuiteRunner.java:332)
	at org.testng.SuiteRunner.run(SuiteRunner.java:276)
	at org.testng.SuiteRunnerWorker.runSuite(SuiteRunnerWorker.java:53)
	at org.testng.SuiteRunnerWorker.run(SuiteRunnerWorker.java:96)
	at org.testng.TestNG.runSuitesSequentially(TestNG.java:1212)
	at org.testng.TestNG.runSuitesLocally(TestNG.java:1134)
	at org.testng.TestNG.runSuites(TestNG.java:1063)
	at org.testng.TestNG.run(TestNG.java:1031)
	at org.testng.remote.AbstractRemoteTestNG.run(AbstractRemoteTestNG.java:115)
	at org.testng.remote.RemoteTestNG.initAndRun(RemoteTestNG.java:251)
	at org.testng.remote.RemoteTestNG.main(RemoteTestNG.java:77)
07:34:37.243 DEBUG i.n.util.internal.PlatformDependent0 - java.nio.DirectByteBuffer.<init>(long, int): unavailable - (PlatformDependent0.java:419) 
07:34:37.243 DEBUG i.n.util.internal.PlatformDependent - sun.misc.Unsafe: available - (PlatformDependent.java:1106) 
07:34:37.276 DEBUG i.n.util.internal.PlatformDependent - maxDirectMemory: 1054867456 bytes (maybe) - (PlatformDependent.java:1208) 
07:34:37.277 DEBUG i.n.util.internal.PlatformDependent - -Dio.netty.tmpdir: C:\Users\sowjanya\AppData\Local\Temp (java.io.tmpdir) - (PlatformDependent.java:1227) 
07:34:37.278 DEBUG i.n.util.internal.PlatformDependent - -Dio.netty.bitMode: 64 (sun.arch.data.model) - (PlatformDependent.java:1306) 
07:34:37.280 DEBUG i.n.util.internal.PlatformDependent - -Dio.netty.maxDirectMemory: -1 bytes - (PlatformDependent.java:178) 
07:34:37.281 DEBUG i.n.util.internal.PlatformDependent - -Dio.netty.uninitializedArrayAllocationThreshold: -1 - (PlatformDependent.java:185) 
07:34:37.284 DEBUG io.netty.util.internal.CleanerJava9 - java.nio.ByteBuffer.cleaner(): available - (CleanerJava9.java:71) 
07:34:37.284 DEBUG i.n.util.internal.PlatformDependent - -Dio.netty.noPreferDirect: false - (PlatformDependent.java:205) 
07:34:37.309 DEBUG i.n.util.internal.PlatformDependent - org.jctools-core.MpscChunkedArrayQueue: available - (PlatformDependent.java:967) 
07:34:37.360 DEBUG i.n.u.i.InternalThreadLocalMap - -Dio.netty.threadLocalMap.stringBuilder.initialSize: 1024 - (InternalThreadLocalMap.java:83) 
07:34:37.360 DEBUG i.n.u.i.InternalThreadLocalMap - -Dio.netty.threadLocalMap.stringBuilder.maxSize: 4096 - (InternalThreadLocalMap.java:86) 
07:34:37.803 DEBUG io.netty.handler.ssl.JdkSslContext - Default protocols (JDK): [TLSv1.3, TLSv1.2]  - (JdkSslContext.java:97) 
07:34:37.804 DEBUG io.netty.handler.ssl.JdkSslContext - Default cipher suites (JDK): [TLS_ECDHE_ECDSA_WITH_AES_256_GCM_SHA384, TLS_ECDHE_ECDSA_WITH_AES_128_GCM_SHA256, TLS_ECDHE_RSA_WITH_AES_128_GCM_SHA256, TLS_ECDHE_RSA_WITH_AES_256_GCM_SHA384, TLS_ECDHE_RSA_WITH_AES_128_CBC_SHA, TLS_ECDHE_RSA_WITH_AES_256_CBC_SHA, TLS_RSA_WITH_AES_128_GCM_SHA256, TLS_RSA_WITH_AES_128_CBC_SHA, TLS_RSA_WITH_AES_256_CBC_SHA, TLS_AES_128_GCM_SHA256, TLS_AES_256_GCM_SHA384] - (JdkSslContext.java:98) 
07:34:37.862 DEBUG i.n.c.MultithreadEventLoopGroup - -Dio.netty.eventLoopThreads: 8 - (MultithreadEventLoopGroup.java:44) 
07:34:37.883 DEBUG io.netty.channel.nio.NioEventLoop - -Dio.netty.noKeySetOptimization: false - (NioEventLoop.java:106) 
07:34:37.884 DEBUG io.netty.channel.nio.NioEventLoop - -Dio.netty.selectorAutoRebuildThreshold: 512 - (NioEventLoop.java:107) 
07:34:38.009 DEBUG i.n.buffer.PooledByteBufAllocator - -Dio.netty.allocator.numHeapArenas: 8 - (PooledByteBufAllocator.java:155) 
07:34:38.009 DEBUG i.n.buffer.PooledByteBufAllocator - -Dio.netty.allocator.numDirectArenas: 8 - (PooledByteBufAllocator.java:156) 
07:34:38.010 DEBUG i.n.buffer.PooledByteBufAllocator - -Dio.netty.allocator.pageSize: 8192 - (PooledByteBufAllocator.java:158) 
07:34:38.010 DEBUG i.n.buffer.PooledByteBufAllocator - -Dio.netty.allocator.maxOrder: 11 - (PooledByteBufAllocator.java:163) 
07:34:38.011 DEBUG i.n.buffer.PooledByteBufAllocator - -Dio.netty.allocator.chunkSize: 16777216 - (PooledByteBufAllocator.java:167) 
07:34:38.011 DEBUG i.n.buffer.PooledByteBufAllocator - -Dio.netty.allocator.smallCacheSize: 256 - (PooledByteBufAllocator.java:168) 
07:34:38.011 DEBUG i.n.buffer.PooledByteBufAllocator - -Dio.netty.allocator.normalCacheSize: 64 - (PooledByteBufAllocator.java:169) 
07:34:38.012 DEBUG i.n.buffer.PooledByteBufAllocator - -Dio.netty.allocator.maxCachedBufferCapacity: 32768 - (PooledByteBufAllocator.java:170) 
07:34:38.012 DEBUG i.n.buffer.PooledByteBufAllocator - -Dio.netty.allocator.cacheTrimInterval: 8192 - (PooledByteBufAllocator.java:171) 
07:34:38.012 DEBUG i.n.buffer.PooledByteBufAllocator - -Dio.netty.allocator.cacheTrimIntervalMillis: 0 - (PooledByteBufAllocator.java:172) 
07:34:38.013 DEBUG i.n.buffer.PooledByteBufAllocator - -Dio.netty.allocator.useCacheForAllThreads: true - (PooledByteBufAllocator.java:173) 
07:34:38.013 DEBUG i.n.buffer.PooledByteBufAllocator - -Dio.netty.allocator.maxCachedByteBuffersPerChunk: 1023 - (PooledByteBufAllocator.java:174) 
07:34:38.036 DEBUG io.netty.buffer.ByteBufUtil - -Dio.netty.allocator.type: pooled - (ByteBufUtil.java:87) 
07:34:38.036 DEBUG io.netty.buffer.ByteBufUtil - -Dio.netty.threadLocalDirectBufferSize: 0 - (ByteBufUtil.java:96) 
07:34:38.036 DEBUG io.netty.buffer.ByteBufUtil - -Dio.netty.maxThreadLocalCharBufferSize: 16384 - (ByteBufUtil.java:99) 
07:34:42.403 DEBUG io.netty.channel.DefaultChannelId - -Dio.netty.processId: 4372 (auto-detected) - (DefaultChannelId.java:79) 
07:34:42.407 DEBUG io.netty.util.NetUtil - -Djava.net.preferIPv4Stack: false - (NetUtil.java:135) 
07:34:42.407 DEBUG io.netty.util.NetUtil - -Djava.net.preferIPv6Addresses: false - (NetUtil.java:136) 
07:34:42.424 DEBUG io.netty.util.NetUtilInitializations - Loopback interface: lo (Software Loopback Interface 1, 127.0.0.1) - (NetUtilInitializations.java:129) 
07:34:42.427 DEBUG io.netty.util.NetUtil - Failed to get SOMAXCONN from sysctl and file \proc\sys\net\core\somaxconn. Default: 200 - (NetUtil.java:187) 
07:34:42.458 DEBUG io.netty.channel.DefaultChannelId - -Dio.netty.machineId: 7a:0d:6b:ff:fe:94:31:f2 (auto-detected) - (DefaultChannelId.java:101) 
07:34:42.734 DEBUG io.netty.buffer.AbstractByteBuf - -Dio.netty.buffer.checkAccessible: true - (AbstractByteBuf.java:63) 
07:34:42.735 DEBUG io.netty.buffer.AbstractByteBuf - -Dio.netty.buffer.checkBounds: true - (AbstractByteBuf.java:64) 
07:34:42.735 DEBUG i.n.util.ResourceLeakDetectorFactory - Loaded default ResourceLeakDetector: io.netty.util.ResourceLeakDetector@5814fcb8 - (ResourceLeakDetectorFactory.java:196) 
07:34:42.761 DEBUG o.a.n.channel.NettyConnectListener - Using new Channel '[id: 0x76957fda, L:/127.0.0.1:54528 - R:localhost/127.0.0.1:18291]' for 'POST' to '/session' - (NettyConnectListener.java:73) 
07:34:42.810 DEBUG io.netty.util.Recycler - -Dio.netty.recycler.maxCapacityPerThread: 4096 - (Recycler.java:103) 
07:34:42.811 DEBUG io.netty.util.Recycler - -Dio.netty.recycler.maxSharedCapacityFactor: 2 - (Recycler.java:104) 
07:34:42.811 DEBUG io.netty.util.Recycler - -Dio.netty.recycler.linkCapacity: 16 - (Recycler.java:105) 
07:34:42.812 DEBUG io.netty.util.Recycler - -Dio.netty.recycler.ratio: 8 - (Recycler.java:106) 
07:34:42.812 DEBUG io.netty.util.Recycler - -Dio.netty.recycler.delayedQueue.ratio: 8 - (Recycler.java:107) 
07:34:56.586 DEBUG o.a.netty.handler.HttpHandler - 

Request DefaultHttpRequest(decodeResult: success, version: HTTP/1.1)
POST /session HTTP/1.1
User-Agent: selenium/4.0.0-beta-4 (java windows)
Content-Length: 365
Content-Type: application/json; charset=utf-8
host: localhost:18291
accept: */*

Response DefaultHttpResponse(decodeResult: success, version: HTTP/1.1)
HTTP/1.1 200 OK
Content-Type: application/json; charset=utf-8
cache-control: no-cache
content-length: 791
 - (HttpHandler.java:70) 
07:34:56.608 DEBUG o.a.netty.channel.ChannelManager - Adding key: http://localhost:18291 for channel [id: 0x76957fda, L:/127.0.0.1:54528 - R:localhost/127.0.0.1:18291] - (ChannelManager.java:270) 
07:34:57.523 DEBUG o.a.netty.channel.DefaultChannelPool - Entry count for : http://localhost:18291 : 1 - (DefaultChannelPool.java:348) 
07:34:58.261 DEBUG o.a.n.channel.NettyConnectListener - Using new Channel '[id: 0xe199979a, L:/127.0.0.1:52809 - R:localhost/127.0.0.1:53104]' for 'GET' to '/json/version' - (NettyConnectListener.java:73) 
07:34:58.276 DEBUG o.a.netty.handler.HttpHandler - 

Request DefaultFullHttpRequest(decodeResult: success, version: HTTP/1.1, content: EmptyByteBufBE)
GET /json/version HTTP/1.1
User-Agent: selenium/4.0.0-beta-4 (java windows)
host: localhost:53104
accept: */*

Response DefaultHttpResponse(decodeResult: success, version: HTTP/1.1)
HTTP/1.1 200 OK
Content-Type: application/json; charset=UTF-8
content-length: 426
 - (HttpHandler.java:70) 
07:34:58.277 DEBUG o.a.netty.channel.ChannelManager - Adding key: http://localhost:53104 for channel [id: 0xe199979a, L:/127.0.0.1:52809 - R:localhost/127.0.0.1:53104] - (ChannelManager.java:270) 
07:34:58.474 DEBUG i.n.util.internal.ThreadLocalRandom - -Dio.netty.initialSeedUniquifier: 0x46054d220f475c72 - (ThreadLocalRandom.java:212) 
07:34:58.507 DEBUG o.a.n.channel.NettyConnectListener - Using new Channel '[id: 0x8928365e, L:/127.0.0.1:52810 - R:localhost/127.0.0.1:53104]' for 'GET' to '/devtools/browser/176660f1-f610-46c6-8a33-61896da337ef' - (NettyConnectListener.java:73) 
07:34:58.537 DEBUG o.a.netty.handler.WebSocketHandler - 

Request DefaultFullHttpRequest(decodeResult: success, version: HTTP/1.1, content: EmptyByteBufBE)
GET /devtools/browser/176660f1-f610-46c6-8a33-61896da337ef HTTP/1.1
upgrade: websocket
connection: upgrade
sec-websocket-key: Zd/qRQifHXjUjOKZV89oPg==
sec-websocket-version: 13
origin: http://localhost:53104
host: localhost:53104
accept: */*
user-agent: AHC/2.1

Response DefaultHttpResponse(decodeResult: success, version: HTTP/1.1)
HTTP/1.1 101 WebSocket Protocol Handshake
Upgrade: WebSocket
Connection: Upgrade
Sec-WebSocket-Accept: pUo726VBWt3EW4X4b76iUZIy1UE=
 - (WebSocketHandler.java:105) 
07:34:58.623 DEBUG o.a.netty.channel.DefaultChannelPool - Entry count for : http://localhost:18291 : 1 - (DefaultChannelPool.java:348) 
07:34:58.623 DEBUG o.a.netty.channel.DefaultChannelPool - Entry count for : http://localhost:53104 : 1 - (DefaultChannelPool.java:348) 
07:34:58.903 DEBUG o.a.netty.request.NettyRequestSender - Using pooled Channel '[id: 0x76957fda, L:/127.0.0.1:54528 - R:localhost/127.0.0.1:18291]' for 'POST' to 'http://localhost:18291/session/55694f32e2316bae21d856d35c744974/window/maximize' - (NettyRequestSender.java:593) 
07:34:58.904 DEBUG o.a.netty.request.NettyRequestSender - Using open Channel [id: 0x76957fda, L:/127.0.0.1:54528 - R:localhost/127.0.0.1:18291] for POST '/session/55694f32e2316bae21d856d35c744974/window/maximize' - (NettyRequestSender.java:251) 
07:34:59.061 DEBUG o.a.netty.handler.HttpHandler - 

Request DefaultHttpRequest(decodeResult: success, version: HTTP/1.1)
POST /session/55694f32e2316bae21d856d35c744974/window/maximize HTTP/1.1
User-Agent: selenium/4.0.0-beta-4 (java windows)
Content-Length: 3
Content-Type: application/json; charset=utf-8
host: localhost:18291
accept: */*

Response DefaultHttpResponse(decodeResult: success, version: HTTP/1.1)
HTTP/1.1 200 OK
Content-Type: application/json; charset=utf-8
cache-control: no-cache
content-length: 51
 - (HttpHandler.java:70) 
07:34:59.061 DEBUG o.a.netty.channel.ChannelManager - Adding key: http://localhost:18291 for channel [id: 0x76957fda, L:/127.0.0.1:54528 - R:localhost/127.0.0.1:18291] - (ChannelManager.java:270) 
07:34:59.104 DEBUG o.a.netty.request.NettyRequestSender - Using pooled Channel '[id: 0x76957fda, L:/127.0.0.1:54528 - R:localhost/127.0.0.1:18291]' for 'POST' to 'http://localhost:18291/session/55694f32e2316bae21d856d35c744974/url' - (NettyRequestSender.java:593) 
07:34:59.105 DEBUG o.a.netty.request.NettyRequestSender - Using open Channel [id: 0x76957fda, L:/127.0.0.1:54528 - R:localhost/127.0.0.1:18291] for POST '/session/55694f32e2316bae21d856d35c744974/url' - (NettyRequestSender.java:251) 
07:34:59.726 DEBUG o.a.netty.channel.DefaultChannelPool - Entry count for : http://localhost:53104 : 1 - (DefaultChannelPool.java:348) 
07:35:00.828 DEBUG o.a.netty.channel.DefaultChannelPool - Entry count for : http://localhost:53104 : 1 - (DefaultChannelPool.java:348) 
07:35:01.924 DEBUG o.a.netty.channel.DefaultChannelPool - Entry count for : http://localhost:53104 : 1 - (DefaultChannelPool.java:348) 
07:35:03.023 DEBUG o.a.netty.channel.DefaultChannelPool - Entry count for : http://localhost:53104 : 1 - (DefaultChannelPool.java:348) 
07:35:04.126 DEBUG o.a.netty.channel.DefaultChannelPool - Entry count for : http://localhost:53104 : 1 - (DefaultChannelPool.java:348) 
07:35:05.231 DEBUG o.a.netty.channel.DefaultChannelPool - Entry count for : http://localhost:53104 : 1 - (DefaultChannelPool.java:348) 
07:35:06.327 DEBUG o.a.netty.channel.DefaultChannelPool - Entry count for : http://localhost:53104 : 1 - (DefaultChannelPool.java:348) 
07:35:06.910 DEBUG o.a.netty.handler.HttpHandler - 

Request DefaultHttpRequest(decodeResult: success, version: HTTP/1.1)
POST /session/55694f32e2316bae21d856d35c744974/url HTTP/1.1
User-Agent: selenium/4.0.0-beta-4 (java windows)
Content-Length: 80
Content-Type: application/json; charset=utf-8
host: localhost:18291
accept: */*

Response DefaultHttpResponse(decodeResult: success, version: HTTP/1.1)
HTTP/1.1 200 OK
Content-Type: application/json; charset=utf-8
cache-control: no-cache
content-length: 14
 - (HttpHandler.java:70) 
07:35:06.911 DEBUG o.a.netty.channel.ChannelManager - Adding key: http://localhost:18291 for channel [id: 0x76957fda, L:/127.0.0.1:54528 - R:localhost/127.0.0.1:18291] - (ChannelManager.java:270) 
07:35:06.930 INFO  tests.NewArticleTestSet - this is the starting of the test method - (NewArticleTestSet.java:45) 
07:35:07.054 INFO  baseclass.BasePage - Locater file exists - (BasePage.java:54) 
07:35:07.080 DEBUG o.a.netty.request.NettyRequestSender - Using pooled Channel '[id: 0x76957fda, L:/127.0.0.1:54528 - R:localhost/127.0.0.1:18291]' for 'POST' to 'http://localhost:18291/session/55694f32e2316bae21d856d35c744974/element' - (NettyRequestSender.java:593) 
07:35:07.080 DEBUG o.a.netty.request.NettyRequestSender - Using open Channel [id: 0x76957fda, L:/127.0.0.1:54528 - R:localhost/127.0.0.1:18291] for POST '/session/55694f32e2316bae21d856d35c744974/element' - (NettyRequestSender.java:251) 
07:35:07.290 DEBUG o.a.netty.handler.HttpHandler - 

Request DefaultHttpRequest(decodeResult: success, version: HTTP/1.1)
POST /session/55694f32e2316bae21d856d35c744974/element HTTP/1.1
User-Agent: selenium/4.0.0-beta-4 (java windows)
Content-Length: 71
Content-Type: application/json; charset=utf-8
host: localhost:18291
accept: */*

Response DefaultHttpResponse(decodeResult: success, version: HTTP/1.1)
HTTP/1.1 200 OK
Content-Type: application/json; charset=utf-8
cache-control: no-cache
content-length: 88
 - (HttpHandler.java:70) 
07:35:07.291 DEBUG o.a.netty.channel.ChannelManager - Adding key: http://localhost:18291 for channel [id: 0x76957fda, L:/127.0.0.1:54528 - R:localhost/127.0.0.1:18291] - (ChannelManager.java:270) 
07:35:07.424 DEBUG o.a.netty.channel.DefaultChannelPool - Entry count for : http://localhost:18291 : 1 - (DefaultChannelPool.java:348) 
07:35:07.424 DEBUG o.a.netty.channel.DefaultChannelPool - Entry count for : http://localhost:53104 : 1 - (DefaultChannelPool.java:348) 
07:35:07.553 DEBUG o.a.netty.request.NettyRequestSender - Using pooled Channel '[id: 0x76957fda, L:/127.0.0.1:54528 - R:localhost/127.0.0.1:18291]' for 'POST' to 'http://localhost:18291/session/55694f32e2316bae21d856d35c744974/execute/sync' - (NettyRequestSender.java:593) 
07:35:07.554 DEBUG o.a.netty.request.NettyRequestSender - Using open Channel [id: 0x76957fda, L:/127.0.0.1:54528 - R:localhost/127.0.0.1:18291] for POST '/session/55694f32e2316bae21d856d35c744974/execute/sync' - (NettyRequestSender.java:251) 
07:35:07.603 DEBUG o.a.netty.handler.HttpHandler - 

Request DefaultHttpRequest(decodeResult: success, version: HTTP/1.1)
POST /session/55694f32e2316bae21d856d35c744974/execute/sync HTTP/1.1
User-Agent: selenium/4.0.0-beta-4 (java windows)
Content-Length: 48780
Content-Type: application/json; charset=utf-8
host: localhost:18291
accept: */*

Response DefaultHttpResponse(decodeResult: success, version: HTTP/1.1)
HTTP/1.1 200 OK
Content-Type: application/json; charset=utf-8
cache-control: no-cache
content-length: 14
 - (HttpHandler.java:70) 
07:35:07.604 DEBUG o.a.netty.channel.ChannelManager - Adding key: http://localhost:18291 for channel [id: 0x76957fda, L:/127.0.0.1:54528 - R:localhost/127.0.0.1:18291] - (ChannelManager.java:270) 
07:35:07.652 DEBUG o.a.netty.request.NettyRequestSender - Using pooled Channel '[id: 0x76957fda, L:/127.0.0.1:54528 - R:localhost/127.0.0.1:18291]' for 'GET' to 'http://localhost:18291/session/55694f32e2316bae21d856d35c744974/element/be9c26a6-c7d4-489d-9840-e12127aa97ee/enabled' - (NettyRequestSender.java:593) 
07:35:07.653 DEBUG o.a.netty.request.NettyRequestSender - Using open Channel [id: 0x76957fda, L:/127.0.0.1:54528 - R:localhost/127.0.0.1:18291] for GET '/session/55694f32e2316bae21d856d35c744974/element/be9c26a6-c7d4-489d-9840-e12127aa97ee/enabled' - (NettyRequestSender.java:251) 
07:35:07.760 DEBUG o.a.netty.handler.HttpHandler - 

Request DefaultFullHttpRequest(decodeResult: success, version: HTTP/1.1, content: EmptyByteBufBE)
GET /session/55694f32e2316bae21d856d35c744974/element/be9c26a6-c7d4-489d-9840-e12127aa97ee/enabled HTTP/1.1
User-Agent: selenium/4.0.0-beta-4 (java windows)
Cache-Control: no-cache
Content-Type: application/json; charset=utf-8
host: localhost:18291
accept: */*

Response DefaultHttpResponse(decodeResult: success, version: HTTP/1.1)
HTTP/1.1 200 OK
Content-Type: application/json; charset=utf-8
cache-control: no-cache
content-length: 14
 - (HttpHandler.java:70) 
07:35:07.762 DEBUG o.a.netty.channel.ChannelManager - Adding key: http://localhost:18291 for channel [id: 0x76957fda, L:/127.0.0.1:54528 - R:localhost/127.0.0.1:18291] - (ChannelManager.java:270) 
07:35:07.766 INFO  pages.HomePage - HomePage starting of clickOnSignInButton method - (HomePage.java:45) 
07:35:07.767 INFO  baseclass.BasePage - HomePage starting of click method - (BasePage.java:106) 
07:35:07.771 DEBUG o.a.netty.request.NettyRequestSender - Using pooled Channel '[id: 0x76957fda, L:/127.0.0.1:54528 - R:localhost/127.0.0.1:18291]' for 'POST' to 'http://localhost:18291/session/55694f32e2316bae21d856d35c744974/element' - (NettyRequestSender.java:593) 
07:35:07.772 DEBUG o.a.netty.request.NettyRequestSender - Using open Channel [id: 0x76957fda, L:/127.0.0.1:54528 - R:localhost/127.0.0.1:18291] for POST '/session/55694f32e2316bae21d856d35c744974/element' - (NettyRequestSender.java:251) 
07:35:07.801 DEBUG o.a.netty.handler.HttpHandler - 

Request DefaultHttpRequest(decodeResult: success, version: HTTP/1.1)
POST /session/55694f32e2316bae21d856d35c744974/element HTTP/1.1
User-Agent: selenium/4.0.0-beta-4 (java windows)
Content-Length: 71
Content-Type: application/json; charset=utf-8
host: localhost:18291
accept: */*

Response DefaultHttpResponse(decodeResult: success, version: HTTP/1.1)
HTTP/1.1 200 OK
Content-Type: application/json; charset=utf-8
cache-control: no-cache
content-length: 88
 - (HttpHandler.java:70) 
07:35:07.803 DEBUG o.a.netty.channel.ChannelManager - Adding key: http://localhost:18291 for channel [id: 0x76957fda, L:/127.0.0.1:54528 - R:localhost/127.0.0.1:18291] - (ChannelManager.java:270) 
07:35:07.811 DEBUG o.a.netty.request.NettyRequestSender - Using pooled Channel '[id: 0x76957fda, L:/127.0.0.1:54528 - R:localhost/127.0.0.1:18291]' for 'GET' to 'http://localhost:18291/session/55694f32e2316bae21d856d35c744974/element/be9c26a6-c7d4-489d-9840-e12127aa97ee/enabled' - (NettyRequestSender.java:593) 
07:35:07.812 DEBUG o.a.netty.request.NettyRequestSender - Using open Channel [id: 0x76957fda, L:/127.0.0.1:54528 - R:localhost/127.0.0.1:18291] for GET '/session/55694f32e2316bae21d856d35c744974/element/be9c26a6-c7d4-489d-9840-e12127aa97ee/enabled' - (NettyRequestSender.java:251) 
07:35:07.832 DEBUG o.a.netty.handler.HttpHandler - 

Request DefaultFullHttpRequest(decodeResult: success, version: HTTP/1.1, content: EmptyByteBufBE)
GET /session/55694f32e2316bae21d856d35c744974/element/be9c26a6-c7d4-489d-9840-e12127aa97ee/enabled HTTP/1.1
User-Agent: selenium/4.0.0-beta-4 (java windows)
Cache-Control: no-cache
Content-Type: application/json; charset=utf-8
host: localhost:18291
accept: */*

Response DefaultHttpResponse(decodeResult: success, version: HTTP/1.1)
HTTP/1.1 200 OK
Content-Type: application/json; charset=utf-8
cache-control: no-cache
content-length: 14
 - (HttpHandler.java:70) 
07:35:07.833 DEBUG o.a.netty.channel.ChannelManager - Adding key: http://localhost:18291 for channel [id: 0x76957fda, L:/127.0.0.1:54528 - R:localhost/127.0.0.1:18291] - (ChannelManager.java:270) 
07:35:07.838 DEBUG o.a.netty.request.NettyRequestSender - Using pooled Channel '[id: 0x76957fda, L:/127.0.0.1:54528 - R:localhost/127.0.0.1:18291]' for 'GET' to 'http://localhost:18291/session/55694f32e2316bae21d856d35c744974/element/be9c26a6-c7d4-489d-9840-e12127aa97ee/text' - (NettyRequestSender.java:593) 
07:35:07.839 DEBUG o.a.netty.request.NettyRequestSender - Using open Channel [id: 0x76957fda, L:/127.0.0.1:54528 - R:localhost/127.0.0.1:18291] for GET '/session/55694f32e2316bae21d856d35c744974/element/be9c26a6-c7d4-489d-9840-e12127aa97ee/text' - (NettyRequestSender.java:251) 
07:35:07.882 DEBUG o.a.netty.handler.HttpHandler - 

Request DefaultFullHttpRequest(decodeResult: success, version: HTTP/1.1, content: EmptyByteBufBE)
GET /session/55694f32e2316bae21d856d35c744974/element/be9c26a6-c7d4-489d-9840-e12127aa97ee/text HTTP/1.1
User-Agent: selenium/4.0.0-beta-4 (java windows)
Cache-Control: no-cache
Content-Type: application/json; charset=utf-8
host: localhost:18291
accept: */*

Response DefaultHttpResponse(decodeResult: success, version: HTTP/1.1)
HTTP/1.1 200 OK
Content-Type: application/json; charset=utf-8
cache-control: no-cache
content-length: 19
 - (HttpHandler.java:70) 
07:35:07.883 DEBUG o.a.netty.channel.ChannelManager - Adding key: http://localhost:18291 for channel [id: 0x76957fda, L:/127.0.0.1:54528 - R:localhost/127.0.0.1:18291] - (ChannelManager.java:270) 
07:35:07.886 INFO  baseclass.BasePage - Sign inelement and is being clicked. - (BasePage.java:110) 
07:35:07.893 DEBUG o.a.netty.request.NettyRequestSender - Using pooled Channel '[id: 0x76957fda, L:/127.0.0.1:54528 - R:localhost/127.0.0.1:18291]' for 'POST' to 'http://localhost:18291/session/55694f32e2316bae21d856d35c744974/element/be9c26a6-c7d4-489d-9840-e12127aa97ee/click' - (NettyRequestSender.java:593) 
07:35:07.894 DEBUG o.a.netty.request.NettyRequestSender - Using open Channel [id: 0x76957fda, L:/127.0.0.1:54528 - R:localhost/127.0.0.1:18291] for POST '/session/55694f32e2316bae21d856d35c744974/element/be9c26a6-c7d4-489d-9840-e12127aa97ee/click' - (NettyRequestSender.java:251) 
07:35:08.214 DEBUG o.a.netty.handler.HttpHandler - 

Request DefaultHttpRequest(decodeResult: success, version: HTTP/1.1)
POST /session/55694f32e2316bae21d856d35c744974/element/be9c26a6-c7d4-489d-9840-e12127aa97ee/click HTTP/1.1
User-Agent: selenium/4.0.0-beta-4 (java windows)
Content-Length: 50
Content-Type: application/json; charset=utf-8
host: localhost:18291
accept: */*

Response DefaultHttpResponse(decodeResult: success, version: HTTP/1.1)
HTTP/1.1 200 OK
Content-Type: application/json; charset=utf-8
cache-control: no-cache
content-length: 14
 - (HttpHandler.java:70) 
07:35:08.215 DEBUG o.a.netty.channel.ChannelManager - Adding key: http://localhost:18291 for channel [id: 0x76957fda, L:/127.0.0.1:54528 - R:localhost/127.0.0.1:18291] - (ChannelManager.java:270) 
07:35:08.231 DEBUG o.a.netty.request.NettyRequestSender - Using pooled Channel '[id: 0x76957fda, L:/127.0.0.1:54528 - R:localhost/127.0.0.1:18291]' for 'GET' to 'http://localhost:18291/session/55694f32e2316bae21d856d35c744974/element/be9c26a6-c7d4-489d-9840-e12127aa97ee/text' - (NettyRequestSender.java:593) 
07:35:08.233 DEBUG o.a.netty.request.NettyRequestSender - Using open Channel [id: 0x76957fda, L:/127.0.0.1:54528 - R:localhost/127.0.0.1:18291] for GET '/session/55694f32e2316bae21d856d35c744974/element/be9c26a6-c7d4-489d-9840-e12127aa97ee/text' - (NettyRequestSender.java:251) 
07:35:08.264 DEBUG o.a.netty.handler.HttpHandler - 

Request DefaultFullHttpRequest(decodeResult: success, version: HTTP/1.1, content: EmptyByteBufBE)
GET /session/55694f32e2316bae21d856d35c744974/element/be9c26a6-c7d4-489d-9840-e12127aa97ee/text HTTP/1.1
User-Agent: selenium/4.0.0-beta-4 (java windows)
Cache-Control: no-cache
Content-Type: application/json; charset=utf-8
host: localhost:18291
accept: */*

Response DefaultHttpResponse(decodeResult: success, version: HTTP/1.1)
HTTP/1.1 200 OK
Content-Type: application/json; charset=utf-8
cache-control: no-cache
content-length: 19
 - (HttpHandler.java:70) 
07:35:08.265 DEBUG o.a.netty.channel.ChannelManager - Adding key: http://localhost:18291 for channel [id: 0x76957fda, L:/127.0.0.1:54528 - R:localhost/127.0.0.1:18291] - (ChannelManager.java:270) 
07:35:08.267 INFO  baseclass.BasePage - Sign inelement is clicked. - (BasePage.java:112) 
07:35:08.269 INFO  baseclass.BasePage - HomePage Ending of click method - (BasePage.java:116) 
07:35:08.270 INFO  pages.HomePage - Creating login Object - (HomePage.java:49) 
07:35:08.273 INFO  baseclass.BasePage - Locater file exists - (BasePage.java:54) 
07:35:08.274 INFO  pages.HomePage - Checking for login page readiness - (HomePage.java:51) 
07:35:08.278 DEBUG o.a.netty.request.NettyRequestSender - Using pooled Channel '[id: 0x76957fda, L:/127.0.0.1:54528 - R:localhost/127.0.0.1:18291]' for 'POST' to 'http://localhost:18291/session/55694f32e2316bae21d856d35c744974/element' - (NettyRequestSender.java:593) 
07:35:08.279 DEBUG o.a.netty.request.NettyRequestSender - Using open Channel [id: 0x76957fda, L:/127.0.0.1:54528 - R:localhost/127.0.0.1:18291] for POST '/session/55694f32e2316bae21d856d35c744974/element' - (NettyRequestSender.java:251) 
07:35:08.308 DEBUG o.a.netty.handler.HttpHandler - 

Request DefaultHttpRequest(decodeResult: success, version: HTTP/1.1)
POST /session/55694f32e2316bae21d856d35c744974/element HTTP/1.1
User-Agent: selenium/4.0.0-beta-4 (java windows)
Content-Length: 80
Content-Type: application/json; charset=utf-8
host: localhost:18291
accept: */*

Response DefaultHttpResponse(decodeResult: success, version: HTTP/1.1)
HTTP/1.1 200 OK
Content-Type: application/json; charset=utf-8
cache-control: no-cache
content-length: 88
 - (HttpHandler.java:70) 
07:35:08.309 DEBUG o.a.netty.channel.ChannelManager - Adding key: http://localhost:18291 for channel [id: 0x76957fda, L:/127.0.0.1:54528 - R:localhost/127.0.0.1:18291] - (ChannelManager.java:270) 
07:35:08.338 DEBUG o.a.netty.request.NettyRequestSender - Using pooled Channel '[id: 0x76957fda, L:/127.0.0.1:54528 - R:localhost/127.0.0.1:18291]' for 'POST' to 'http://localhost:18291/session/55694f32e2316bae21d856d35c744974/execute/sync' - (NettyRequestSender.java:593) 
07:35:08.339 DEBUG o.a.netty.request.NettyRequestSender - Using open Channel [id: 0x76957fda, L:/127.0.0.1:54528 - R:localhost/127.0.0.1:18291] for POST '/session/55694f32e2316bae21d856d35c744974/execute/sync' - (NettyRequestSender.java:251) 
07:35:08.373 DEBUG o.a.netty.handler.HttpHandler - 

Request DefaultHttpRequest(decodeResult: success, version: HTTP/1.1)
POST /session/55694f32e2316bae21d856d35c744974/execute/sync HTTP/1.1
User-Agent: selenium/4.0.0-beta-4 (java windows)
Content-Length: 48780
Content-Type: application/json; charset=utf-8
host: localhost:18291
accept: */*

Response DefaultHttpResponse(decodeResult: success, version: HTTP/1.1)
HTTP/1.1 200 OK
Content-Type: application/json; charset=utf-8
cache-control: no-cache
content-length: 14
 - (HttpHandler.java:70) 
07:35:08.374 DEBUG o.a.netty.channel.ChannelManager - Adding key: http://localhost:18291 for channel [id: 0x76957fda, L:/127.0.0.1:54528 - R:localhost/127.0.0.1:18291] - (ChannelManager.java:270) 
07:35:08.377 DEBUG o.a.netty.request.NettyRequestSender - Using pooled Channel '[id: 0x76957fda, L:/127.0.0.1:54528 - R:localhost/127.0.0.1:18291]' for 'POST' to 'http://localhost:18291/session/55694f32e2316bae21d856d35c744974/element' - (NettyRequestSender.java:593) 
07:35:08.378 DEBUG o.a.netty.request.NettyRequestSender - Using open Channel [id: 0x76957fda, L:/127.0.0.1:54528 - R:localhost/127.0.0.1:18291] for POST '/session/55694f32e2316bae21d856d35c744974/element' - (NettyRequestSender.java:251) 
07:35:08.397 DEBUG o.a.netty.handler.HttpHandler - 

Request DefaultHttpRequest(decodeResult: success, version: HTTP/1.1)
POST /session/55694f32e2316bae21d856d35c744974/element HTTP/1.1
User-Agent: selenium/4.0.0-beta-4 (java windows)
Content-Length: 83
Content-Type: application/json; charset=utf-8
host: localhost:18291
accept: */*

Response DefaultHttpResponse(decodeResult: success, version: HTTP/1.1)
HTTP/1.1 200 OK
Content-Type: application/json; charset=utf-8
cache-control: no-cache
content-length: 88
 - (HttpHandler.java:70) 
07:35:08.397 DEBUG o.a.netty.channel.ChannelManager - Adding key: http://localhost:18291 for channel [id: 0x76957fda, L:/127.0.0.1:54528 - R:localhost/127.0.0.1:18291] - (ChannelManager.java:270) 
07:35:08.409 DEBUG o.a.netty.request.NettyRequestSender - Using pooled Channel '[id: 0x76957fda, L:/127.0.0.1:54528 - R:localhost/127.0.0.1:18291]' for 'POST' to 'http://localhost:18291/session/55694f32e2316bae21d856d35c744974/execute/sync' - (NettyRequestSender.java:593) 
07:35:08.410 DEBUG o.a.netty.request.NettyRequestSender - Using open Channel [id: 0x76957fda, L:/127.0.0.1:54528 - R:localhost/127.0.0.1:18291] for POST '/session/55694f32e2316bae21d856d35c744974/execute/sync' - (NettyRequestSender.java:251) 
07:35:08.431 DEBUG o.a.netty.handler.HttpHandler - 

Request DefaultHttpRequest(decodeResult: success, version: HTTP/1.1)
POST /session/55694f32e2316bae21d856d35c744974/execute/sync HTTP/1.1
User-Agent: selenium/4.0.0-beta-4 (java windows)
Content-Length: 48780
Content-Type: application/json; charset=utf-8
host: localhost:18291
accept: */*

Response DefaultHttpResponse(decodeResult: success, version: HTTP/1.1)
HTTP/1.1 200 OK
Content-Type: application/json; charset=utf-8
cache-control: no-cache
content-length: 14
 - (HttpHandler.java:70) 
07:35:08.432 DEBUG o.a.netty.channel.ChannelManager - Adding key: http://localhost:18291 for channel [id: 0x76957fda, L:/127.0.0.1:54528 - R:localhost/127.0.0.1:18291] - (ChannelManager.java:270) 
07:35:08.433 INFO  pages.HomePage - HomePage Ending of clickOnSignInButton method - (HomePage.java:54) 
07:35:08.434 INFO  pages.LoginPage - LoginPage starting of login method - (LoginPage.java:39) 
07:35:08.436 DEBUG o.a.netty.request.NettyRequestSender - Using pooled Channel '[id: 0x76957fda, L:/127.0.0.1:54528 - R:localhost/127.0.0.1:18291]' for 'POST' to 'http://localhost:18291/session/55694f32e2316bae21d856d35c744974/element' - (NettyRequestSender.java:593) 
07:35:08.437 DEBUG o.a.netty.request.NettyRequestSender - Using open Channel [id: 0x76957fda, L:/127.0.0.1:54528 - R:localhost/127.0.0.1:18291] for POST '/session/55694f32e2316bae21d856d35c744974/element' - (NettyRequestSender.java:251) 
07:35:08.450 DEBUG o.a.netty.handler.HttpHandler - 

Request DefaultHttpRequest(decodeResult: success, version: HTTP/1.1)
POST /session/55694f32e2316bae21d856d35c744974/element HTTP/1.1
User-Agent: selenium/4.0.0-beta-4 (java windows)
Content-Length: 80
Content-Type: application/json; charset=utf-8
host: localhost:18291
accept: */*

Response DefaultHttpResponse(decodeResult: success, version: HTTP/1.1)
HTTP/1.1 200 OK
Content-Type: application/json; charset=utf-8
cache-control: no-cache
content-length: 88
 - (HttpHandler.java:70) 
07:35:08.450 DEBUG o.a.netty.channel.ChannelManager - Adding key: http://localhost:18291 for channel [id: 0x76957fda, L:/127.0.0.1:54528 - R:localhost/127.0.0.1:18291] - (ChannelManager.java:270) 
07:35:08.461 DEBUG o.a.netty.request.NettyRequestSender - Using pooled Channel '[id: 0x76957fda, L:/127.0.0.1:54528 - R:localhost/127.0.0.1:18291]' for 'POST' to 'http://localhost:18291/session/55694f32e2316bae21d856d35c744974/execute/sync' - (NettyRequestSender.java:593) 
07:35:08.461 DEBUG o.a.netty.request.NettyRequestSender - Using open Channel [id: 0x76957fda, L:/127.0.0.1:54528 - R:localhost/127.0.0.1:18291] for POST '/session/55694f32e2316bae21d856d35c744974/execute/sync' - (NettyRequestSender.java:251) 
07:35:08.480 DEBUG o.a.netty.handler.HttpHandler - 

Request DefaultHttpRequest(decodeResult: success, version: HTTP/1.1)
POST /session/55694f32e2316bae21d856d35c744974/execute/sync HTTP/1.1
User-Agent: selenium/4.0.0-beta-4 (java windows)
Content-Length: 48780
Content-Type: application/json; charset=utf-8
host: localhost:18291
accept: */*

Response DefaultHttpResponse(decodeResult: success, version: HTTP/1.1)
HTTP/1.1 200 OK
Content-Type: application/json; charset=utf-8
cache-control: no-cache
content-length: 14
 - (HttpHandler.java:70) 
07:35:08.481 DEBUG o.a.netty.channel.ChannelManager - Adding key: http://localhost:18291 for channel [id: 0x76957fda, L:/127.0.0.1:54528 - R:localhost/127.0.0.1:18291] - (ChannelManager.java:270) 
07:35:08.484 DEBUG o.a.netty.request.NettyRequestSender - Using pooled Channel '[id: 0x76957fda, L:/127.0.0.1:54528 - R:localhost/127.0.0.1:18291]' for 'POST' to 'http://localhost:18291/session/55694f32e2316bae21d856d35c744974/element' - (NettyRequestSender.java:593) 
07:35:08.484 DEBUG o.a.netty.request.NettyRequestSender - Using open Channel [id: 0x76957fda, L:/127.0.0.1:54528 - R:localhost/127.0.0.1:18291] for POST '/session/55694f32e2316bae21d856d35c744974/element' - (NettyRequestSender.java:251) 
07:35:08.494 DEBUG o.a.netty.handler.HttpHandler - 

Request DefaultHttpRequest(decodeResult: success, version: HTTP/1.1)
POST /session/55694f32e2316bae21d856d35c744974/element HTTP/1.1
User-Agent: selenium/4.0.0-beta-4 (java windows)
Content-Length: 80
Content-Type: application/json; charset=utf-8
host: localhost:18291
accept: */*

Response DefaultHttpResponse(decodeResult: success, version: HTTP/1.1)
HTTP/1.1 200 OK
Content-Type: application/json; charset=utf-8
cache-control: no-cache
content-length: 88
 - (HttpHandler.java:70) 
07:35:08.495 DEBUG o.a.netty.channel.ChannelManager - Adding key: http://localhost:18291 for channel [id: 0x76957fda, L:/127.0.0.1:54528 - R:localhost/127.0.0.1:18291] - (ChannelManager.java:270) 
07:35:08.504 DEBUG o.a.netty.request.NettyRequestSender - Using pooled Channel '[id: 0x76957fda, L:/127.0.0.1:54528 - R:localhost/127.0.0.1:18291]' for 'POST' to 'http://localhost:18291/session/55694f32e2316bae21d856d35c744974/element/ee1485b9-357d-47c3-954c-c41284da0ddf/value' - (NettyRequestSender.java:593) 
07:35:08.504 DEBUG o.a.netty.request.NettyRequestSender - Using open Channel [id: 0x76957fda, L:/127.0.0.1:54528 - R:localhost/127.0.0.1:18291] for POST '/session/55694f32e2316bae21d856d35c744974/element/ee1485b9-357d-47c3-954c-c41284da0ddf/value' - (NettyRequestSender.java:251) 
07:35:08.532 DEBUG o.a.netty.channel.DefaultChannelPool - Entry count for : http://localhost:53104 : 1 - (DefaultChannelPool.java:348) 
07:35:08.771 DEBUG o.a.netty.handler.HttpHandler - 

Request DefaultHttpRequest(decodeResult: success, version: HTTP/1.1)
POST /session/55694f32e2316bae21d856d35c744974/element/ee1485b9-357d-47c3-954c-c41284da0ddf/value HTTP/1.1
User-Agent: selenium/4.0.0-beta-4 (java windows)
Content-Length: 211
Content-Type: application/json; charset=utf-8
host: localhost:18291
accept: */*

Response DefaultHttpResponse(decodeResult: success, version: HTTP/1.1)
HTTP/1.1 200 OK
Content-Type: application/json; charset=utf-8
cache-control: no-cache
content-length: 14
 - (HttpHandler.java:70) 
07:35:08.772 DEBUG o.a.netty.channel.ChannelManager - Adding key: http://localhost:18291 for channel [id: 0x76957fda, L:/127.0.0.1:54528 - R:localhost/127.0.0.1:18291] - (ChannelManager.java:270) 
07:35:08.778 DEBUG o.a.netty.request.NettyRequestSender - Using pooled Channel '[id: 0x76957fda, L:/127.0.0.1:54528 - R:localhost/127.0.0.1:18291]' for 'POST' to 'http://localhost:18291/session/55694f32e2316bae21d856d35c744974/element' - (NettyRequestSender.java:593) 
07:35:08.778 DEBUG o.a.netty.request.NettyRequestSender - Using open Channel [id: 0x76957fda, L:/127.0.0.1:54528 - R:localhost/127.0.0.1:18291] for POST '/session/55694f32e2316bae21d856d35c744974/element' - (NettyRequestSender.java:251) 
07:35:08.804 DEBUG o.a.netty.handler.HttpHandler - 

Request DefaultHttpRequest(decodeResult: success, version: HTTP/1.1)
POST /session/55694f32e2316bae21d856d35c744974/element HTTP/1.1
User-Agent: selenium/4.0.0-beta-4 (java windows)
Content-Length: 83
Content-Type: application/json; charset=utf-8
host: localhost:18291
accept: */*

Response DefaultHttpResponse(decodeResult: success, version: HTTP/1.1)
HTTP/1.1 200 OK
Content-Type: application/json; charset=utf-8
cache-control: no-cache
content-length: 88
 - (HttpHandler.java:70) 
07:35:08.805 DEBUG o.a.netty.channel.ChannelManager - Adding key: http://localhost:18291 for channel [id: 0x76957fda, L:/127.0.0.1:54528 - R:localhost/127.0.0.1:18291] - (ChannelManager.java:270) 
07:35:08.818 DEBUG o.a.netty.request.NettyRequestSender - Using pooled Channel '[id: 0x76957fda, L:/127.0.0.1:54528 - R:localhost/127.0.0.1:18291]' for 'POST' to 'http://localhost:18291/session/55694f32e2316bae21d856d35c744974/execute/sync' - (NettyRequestSender.java:593) 
07:35:08.818 DEBUG o.a.netty.request.NettyRequestSender - Using open Channel [id: 0x76957fda, L:/127.0.0.1:54528 - R:localhost/127.0.0.1:18291] for POST '/session/55694f32e2316bae21d856d35c744974/execute/sync' - (NettyRequestSender.java:251) 
07:35:08.841 DEBUG o.a.netty.handler.HttpHandler - 

Request DefaultHttpRequest(decodeResult: success, version: HTTP/1.1)
POST /session/55694f32e2316bae21d856d35c744974/execute/sync HTTP/1.1
User-Agent: selenium/4.0.0-beta-4 (java windows)
Content-Length: 48780
Content-Type: application/json; charset=utf-8
host: localhost:18291
accept: */*

Response DefaultHttpResponse(decodeResult: success, version: HTTP/1.1)
HTTP/1.1 200 OK
Content-Type: application/json; charset=utf-8
cache-control: no-cache
content-length: 14
 - (HttpHandler.java:70) 
07:35:08.842 DEBUG o.a.netty.channel.ChannelManager - Adding key: http://localhost:18291 for channel [id: 0x76957fda, L:/127.0.0.1:54528 - R:localhost/127.0.0.1:18291] - (ChannelManager.java:270) 
07:35:08.844 DEBUG o.a.netty.request.NettyRequestSender - Using pooled Channel '[id: 0x76957fda, L:/127.0.0.1:54528 - R:localhost/127.0.0.1:18291]' for 'POST' to 'http://localhost:18291/session/55694f32e2316bae21d856d35c744974/element' - (NettyRequestSender.java:593) 
07:35:08.845 DEBUG o.a.netty.request.NettyRequestSender - Using open Channel [id: 0x76957fda, L:/127.0.0.1:54528 - R:localhost/127.0.0.1:18291] for POST '/session/55694f32e2316bae21d856d35c744974/element' - (NettyRequestSender.java:251) 
07:35:08.858 DEBUG o.a.netty.handler.HttpHandler - 

Request DefaultHttpRequest(decodeResult: success, version: HTTP/1.1)
POST /session/55694f32e2316bae21d856d35c744974/element HTTP/1.1
User-Agent: selenium/4.0.0-beta-4 (java windows)
Content-Length: 83
Content-Type: application/json; charset=utf-8
host: localhost:18291
accept: */*

Response DefaultHttpResponse(decodeResult: success, version: HTTP/1.1)
HTTP/1.1 200 OK
Content-Type: application/json; charset=utf-8
cache-control: no-cache
content-length: 88
 - (HttpHandler.java:70) 
07:35:08.858 DEBUG o.a.netty.channel.ChannelManager - Adding key: http://localhost:18291 for channel [id: 0x76957fda, L:/127.0.0.1:54528 - R:localhost/127.0.0.1:18291] - (ChannelManager.java:270) 
07:35:08.867 DEBUG o.a.netty.request.NettyRequestSender - Using pooled Channel '[id: 0x76957fda, L:/127.0.0.1:54528 - R:localhost/127.0.0.1:18291]' for 'POST' to 'http://localhost:18291/session/55694f32e2316bae21d856d35c744974/element/b193111d-d04c-4267-8009-835660fd7e47/value' - (NettyRequestSender.java:593) 
07:35:08.867 DEBUG o.a.netty.request.NettyRequestSender - Using open Channel [id: 0x76957fda, L:/127.0.0.1:54528 - R:localhost/127.0.0.1:18291] for POST '/session/55694f32e2316bae21d856d35c744974/element/b193111d-d04c-4267-8009-835660fd7e47/value' - (NettyRequestSender.java:251) 
07:35:08.976 DEBUG o.a.netty.handler.HttpHandler - 

Request DefaultHttpRequest(decodeResult: success, version: HTTP/1.1)
POST /session/55694f32e2316bae21d856d35c744974/element/b193111d-d04c-4267-8009-835660fd7e47/value HTTP/1.1
User-Agent: selenium/4.0.0-beta-4 (java windows)
Content-Length: 141
Content-Type: application/json; charset=utf-8
host: localhost:18291
accept: */*

Response DefaultHttpResponse(decodeResult: success, version: HTTP/1.1)
HTTP/1.1 200 OK
Content-Type: application/json; charset=utf-8
cache-control: no-cache
content-length: 14
 - (HttpHandler.java:70) 
07:35:08.978 DEBUG o.a.netty.channel.ChannelManager - Adding key: http://localhost:18291 for channel [id: 0x76957fda, L:/127.0.0.1:54528 - R:localhost/127.0.0.1:18291] - (ChannelManager.java:270) 
07:35:08.979 INFO  baseclass.BasePage - LoginPage starting of click method - (BasePage.java:106) 
07:35:08.981 DEBUG o.a.netty.request.NettyRequestSender - Using pooled Channel '[id: 0x76957fda, L:/127.0.0.1:54528 - R:localhost/127.0.0.1:18291]' for 'POST' to 'http://localhost:18291/session/55694f32e2316bae21d856d35c744974/element' - (NettyRequestSender.java:593) 
07:35:08.981 DEBUG o.a.netty.request.NettyRequestSender - Using open Channel [id: 0x76957fda, L:/127.0.0.1:54528 - R:localhost/127.0.0.1:18291] for POST '/session/55694f32e2316bae21d856d35c744974/element' - (NettyRequestSender.java:251) 
07:35:08.999 DEBUG o.a.netty.handler.HttpHandler - 

Request DefaultHttpRequest(decodeResult: success, version: HTTP/1.1)
POST /session/55694f32e2316bae21d856d35c744974/element HTTP/1.1
User-Agent: selenium/4.0.0-beta-4 (java windows)
Content-Length: 55
Content-Type: application/json; charset=utf-8
host: localhost:18291
accept: */*

Response DefaultHttpResponse(decodeResult: success, version: HTTP/1.1)
HTTP/1.1 200 OK
Content-Type: application/json; charset=utf-8
cache-control: no-cache
content-length: 88
 - (HttpHandler.java:70) 
07:35:09.000 DEBUG o.a.netty.channel.ChannelManager - Adding key: http://localhost:18291 for channel [id: 0x76957fda, L:/127.0.0.1:54528 - R:localhost/127.0.0.1:18291] - (ChannelManager.java:270) 
07:35:09.003 DEBUG o.a.netty.request.NettyRequestSender - Using pooled Channel '[id: 0x76957fda, L:/127.0.0.1:54528 - R:localhost/127.0.0.1:18291]' for 'GET' to 'http://localhost:18291/session/55694f32e2316bae21d856d35c744974/element/33f03795-2660-42b4-8772-462d30e3221a/enabled' - (NettyRequestSender.java:593) 
07:35:09.003 DEBUG o.a.netty.request.NettyRequestSender - Using open Channel [id: 0x76957fda, L:/127.0.0.1:54528 - R:localhost/127.0.0.1:18291] for GET '/session/55694f32e2316bae21d856d35c744974/element/33f03795-2660-42b4-8772-462d30e3221a/enabled' - (NettyRequestSender.java:251) 
07:35:09.017 DEBUG o.a.netty.handler.HttpHandler - 

Request DefaultFullHttpRequest(decodeResult: success, version: HTTP/1.1, content: EmptyByteBufBE)
GET /session/55694f32e2316bae21d856d35c744974/element/33f03795-2660-42b4-8772-462d30e3221a/enabled HTTP/1.1
User-Agent: selenium/4.0.0-beta-4 (java windows)
Cache-Control: no-cache
Content-Type: application/json; charset=utf-8
host: localhost:18291
accept: */*

Response DefaultHttpResponse(decodeResult: success, version: HTTP/1.1)
HTTP/1.1 200 OK
Content-Type: application/json; charset=utf-8
cache-control: no-cache
content-length: 14
 - (HttpHandler.java:70) 
07:35:09.017 DEBUG o.a.netty.channel.ChannelManager - Adding key: http://localhost:18291 for channel [id: 0x76957fda, L:/127.0.0.1:54528 - R:localhost/127.0.0.1:18291] - (ChannelManager.java:270) 
07:35:09.019 DEBUG o.a.netty.request.NettyRequestSender - Using pooled Channel '[id: 0x76957fda, L:/127.0.0.1:54528 - R:localhost/127.0.0.1:18291]' for 'GET' to 'http://localhost:18291/session/55694f32e2316bae21d856d35c744974/element/33f03795-2660-42b4-8772-462d30e3221a/text' - (NettyRequestSender.java:593) 
07:35:09.020 DEBUG o.a.netty.request.NettyRequestSender - Using open Channel [id: 0x76957fda, L:/127.0.0.1:54528 - R:localhost/127.0.0.1:18291] for GET '/session/55694f32e2316bae21d856d35c744974/element/33f03795-2660-42b4-8772-462d30e3221a/text' - (NettyRequestSender.java:251) 
07:35:09.039 DEBUG o.a.netty.handler.HttpHandler - 

Request DefaultFullHttpRequest(decodeResult: success, version: HTTP/1.1, content: EmptyByteBufBE)
GET /session/55694f32e2316bae21d856d35c744974/element/33f03795-2660-42b4-8772-462d30e3221a/text HTTP/1.1
User-Agent: selenium/4.0.0-beta-4 (java windows)
Cache-Control: no-cache
Content-Type: application/json; charset=utf-8
host: localhost:18291
accept: */*

Response DefaultHttpResponse(decodeResult: success, version: HTTP/1.1)
HTTP/1.1 200 OK
Content-Type: application/json; charset=utf-8
cache-control: no-cache
content-length: 19
 - (HttpHandler.java:70) 
07:35:09.040 DEBUG o.a.netty.channel.ChannelManager - Adding key: http://localhost:18291 for channel [id: 0x76957fda, L:/127.0.0.1:54528 - R:localhost/127.0.0.1:18291] - (ChannelManager.java:270) 
07:35:09.041 INFO  baseclass.BasePage - Sign inelement and is being clicked. - (BasePage.java:110) 
07:35:09.043 DEBUG o.a.netty.request.NettyRequestSender - Using pooled Channel '[id: 0x76957fda, L:/127.0.0.1:54528 - R:localhost/127.0.0.1:18291]' for 'POST' to 'http://localhost:18291/session/55694f32e2316bae21d856d35c744974/element/33f03795-2660-42b4-8772-462d30e3221a/click' - (NettyRequestSender.java:593) 
07:35:09.043 DEBUG o.a.netty.request.NettyRequestSender - Using open Channel [id: 0x76957fda, L:/127.0.0.1:54528 - R:localhost/127.0.0.1:18291] for POST '/session/55694f32e2316bae21d856d35c744974/element/33f03795-2660-42b4-8772-462d30e3221a/click' - (NettyRequestSender.java:251) 
07:35:09.109 DEBUG o.a.netty.handler.HttpHandler - 

Request DefaultHttpRequest(decodeResult: success, version: HTTP/1.1)
POST /session/55694f32e2316bae21d856d35c744974/element/33f03795-2660-42b4-8772-462d30e3221a/click HTTP/1.1
User-Agent: selenium/4.0.0-beta-4 (java windows)
Content-Length: 50
Content-Type: application/json; charset=utf-8
host: localhost:18291
accept: */*

Response DefaultHttpResponse(decodeResult: success, version: HTTP/1.1)
HTTP/1.1 200 OK
Content-Type: application/json; charset=utf-8
cache-control: no-cache
content-length: 14
 - (HttpHandler.java:70) 
07:35:09.110 DEBUG o.a.netty.channel.ChannelManager - Adding key: http://localhost:18291 for channel [id: 0x76957fda, L:/127.0.0.1:54528 - R:localhost/127.0.0.1:18291] - (ChannelManager.java:270) 
07:35:09.113 DEBUG o.a.netty.request.NettyRequestSender - Using pooled Channel '[id: 0x76957fda, L:/127.0.0.1:54528 - R:localhost/127.0.0.1:18291]' for 'GET' to 'http://localhost:18291/session/55694f32e2316bae21d856d35c744974/element/33f03795-2660-42b4-8772-462d30e3221a/text' - (NettyRequestSender.java:593) 
07:35:09.114 DEBUG o.a.netty.request.NettyRequestSender - Using open Channel [id: 0x76957fda, L:/127.0.0.1:54528 - R:localhost/127.0.0.1:18291] for GET '/session/55694f32e2316bae21d856d35c744974/element/33f03795-2660-42b4-8772-462d30e3221a/text' - (NettyRequestSender.java:251) 
07:35:09.127 DEBUG o.a.netty.handler.HttpHandler - 

Request DefaultFullHttpRequest(decodeResult: success, version: HTTP/1.1, content: EmptyByteBufBE)
GET /session/55694f32e2316bae21d856d35c744974/element/33f03795-2660-42b4-8772-462d30e3221a/text HTTP/1.1
User-Agent: selenium/4.0.0-beta-4 (java windows)
Cache-Control: no-cache
Content-Type: application/json; charset=utf-8
host: localhost:18291
accept: */*

Response DefaultHttpResponse(decodeResult: success, version: HTTP/1.1)
HTTP/1.1 200 OK
Content-Type: application/json; charset=utf-8
cache-control: no-cache
content-length: 19
 - (HttpHandler.java:70) 
07:35:09.127 DEBUG o.a.netty.channel.ChannelManager - Adding key: http://localhost:18291 for channel [id: 0x76957fda, L:/127.0.0.1:54528 - R:localhost/127.0.0.1:18291] - (ChannelManager.java:270) 
07:35:09.129 INFO  baseclass.BasePage - Sign inelement is clicked. - (BasePage.java:112) 
07:35:09.130 INFO  baseclass.BasePage - LoginPage Ending of click method - (BasePage.java:116) 
07:35:09.130 INFO  pages.LoginPage - LoginPage Ending of login Method - (LoginPage.java:53) 
07:35:09.131 INFO  tests.NewArticleTestSet - this is the starting of the test method - (NewArticleTestSet.java:56) 
07:35:09.239 DEBUG o.a.netty.request.NettyRequestSender - Using pooled Channel '[id: 0x76957fda, L:/127.0.0.1:54528 - R:localhost/127.0.0.1:18291]' for 'DELETE' to 'http://localhost:18291/session/55694f32e2316bae21d856d35c744974' - (NettyRequestSender.java:593) 
07:35:09.240 DEBUG o.a.netty.request.NettyRequestSender - Using open Channel [id: 0x76957fda, L:/127.0.0.1:54528 - R:localhost/127.0.0.1:18291] for DELETE '/session/55694f32e2316bae21d856d35c744974' - (NettyRequestSender.java:251) 
07:35:09.246 DEBUG o.a.netty.handler.WebSocketHandler - Channel Closed: [id: 0x8928365e, L:/127.0.0.1:52810 ! R:localhost/127.0.0.1:53104] with attribute NettyResponseFuture{currentRetry=5,
	isDone=1,
	isCancelled=0,
	asyncHandler=org.asynchttpclient.ws.WebSocketUpgradeHandler@b5600b3,
	nettyRequest=org.asynchttpclient.netty.request.NettyRequest@49dd7a07,
	future=java.util.concurrent.CompletableFuture@53c1b97d[Completed normally],
	uri=ws://localhost:53104/devtools/browser/176660f1-f610-46c6-8a33-61896da337ef,
	keepAlive=true,
	redirectCount=0,
	timeoutsHolder=null,
	inAuth=0,
	touch=1627092298584} - (AsyncHttpClientHandler.java:126) 
07:35:09.249 DEBUG o.a.netty.channel.ChannelManager - Closing Channel [id: 0x8928365e, L:/127.0.0.1:52810 ! R:localhost/127.0.0.1:53104]  - (ChannelManager.java:315) 
07:35:09.626 DEBUG o.a.netty.channel.DefaultChannelPool - Entry count for : http://localhost:53104 : 1 - (DefaultChannelPool.java:348) 
07:35:10.123 DEBUG o.a.netty.handler.HttpHandler - Unexpected I/O exception on channel [id: 0xe199979a, L:/127.0.0.1:52809 - R:localhost/127.0.0.1:53104] - (AsyncHttpClientHandler.java:159) 
java.net.SocketException: Connection reset
	at java.base/sun.nio.ch.SocketChannelImpl.throwConnectionReset(SocketChannelImpl.java:394)
	at java.base/sun.nio.ch.SocketChannelImpl.read(SocketChannelImpl.java:426)
	at io.netty.buffer.PooledByteBuf.setBytes(PooledByteBuf.java:253)
	at io.netty.buffer.AbstractByteBuf.writeBytes(AbstractByteBuf.java:1132)
	at io.netty.channel.socket.nio.NioSocketChannel.doReadBytes(NioSocketChannel.java:350)
	at io.netty.channel.nio.AbstractNioByteChannel$NioByteUnsafe.read(AbstractNioByteChannel.java:151)
	at io.netty.channel.nio.NioEventLoop.processSelectedKey(NioEventLoop.java:719)
	at io.netty.channel.nio.NioEventLoop.processSelectedKeysOptimized(NioEventLoop.java:655)
	at io.netty.channel.nio.NioEventLoop.processSelectedKeys(NioEventLoop.java:581)
	at io.netty.channel.nio.NioEventLoop.run(NioEventLoop.java:493)
	at io.netty.util.concurrent.SingleThreadEventExecutor$4.run(SingleThreadEventExecutor.java:989)
	at io.netty.util.internal.ThreadExecutorMap$2.run(ThreadExecutorMap.java:74)
	at io.netty.util.concurrent.FastThreadLocalRunnable.run(FastThreadLocalRunnable.java:30)
	at java.base/java.lang.Thread.run(Thread.java:831)
07:35:10.123 DEBUG o.a.netty.channel.ChannelManager - Closing Channel [id: 0xe199979a, L:/127.0.0.1:52809 - R:localhost/127.0.0.1:53104]  - (ChannelManager.java:315) 
07:35:10.156 DEBUG o.a.netty.handler.HttpHandler - Channel Closed: [id: 0xe199979a, L:/127.0.0.1:52809 ! R:localhost/127.0.0.1:53104] with attribute DISCARD - (AsyncHttpClientHandler.java:126) 
07:35:10.219 DEBUG o.a.netty.handler.HttpHandler - 

Request DefaultFullHttpRequest(decodeResult: success, version: HTTP/1.1, content: EmptyByteBufBE)
DELETE /session/55694f32e2316bae21d856d35c744974 HTTP/1.1
User-Agent: selenium/4.0.0-beta-4 (java windows)
Content-Type: application/json; charset=utf-8
host: localhost:18291
accept: */*

Response DefaultHttpResponse(decodeResult: success, version: HTTP/1.1)
HTTP/1.1 200 OK
Content-Type: application/json; charset=utf-8
cache-control: no-cache
content-length: 14
 - (HttpHandler.java:70) 
07:35:10.220 DEBUG o.a.netty.channel.ChannelManager - Adding key: http://localhost:18291 for channel [id: 0x76957fda, L:/127.0.0.1:54528 - R:localhost/127.0.0.1:18291] - (ChannelManager.java:270) 
07:35:10.539 DEBUG o.a.netty.handler.HttpHandler - Channel Closed: [id: 0x76957fda, L:/127.0.0.1:54528 ! R:localhost/127.0.0.1:18291] with attribute DISCARD - (AsyncHttpClientHandler.java:126) 
07:35:10.724 DEBUG o.a.netty.channel.DefaultChannelPool - Entry count for : http://localhost:18291 : 1 - (DefaultChannelPool.java:348) 
07:35:10.724 DEBUG o.a.netty.channel.DefaultChannelPool - Entry count for : http://localhost:53104 : 1 - (DefaultChannelPool.java:348) 
07:35:10.725 DEBUG o.a.netty.channel.DefaultChannelPool - Adding Candidate expired Channel [id: 0x76957fda, L:/127.0.0.1:54528 ! R:localhost/127.0.0.1:18291] isIdleTimeoutExpired=false isRemotelyClosed=true isTtlExpired=false - (DefaultChannelPool.java:302) 
07:35:10.726 DEBUG o.a.netty.channel.DefaultChannelPool - Closing Idle Channel [id: 0x76957fda, L:/127.0.0.1:54528 ! R:localhost/127.0.0.1:18291] - (DefaultChannelPool.java:321) 
07:35:10.727 DEBUG o.a.netty.channel.DefaultChannelPool - Adding Candidate expired Channel [id: 0xe199979a, L:/127.0.0.1:52809 ! R:localhost/127.0.0.1:53104] isIdleTimeoutExpired=false isRemotelyClosed=true isTtlExpired=false - (DefaultChannelPool.java:302) 
07:35:10.728 DEBUG o.a.netty.channel.DefaultChannelPool - Closing Idle Channel [id: 0xe199979a, L:/127.0.0.1:52809 ! R:localhost/127.0.0.1:53104] - (DefaultChannelPool.java:321) 
07:35:10.728 DEBUG o.a.netty.channel.DefaultChannelPool - Closed 2 connections out of 2 in 3 ms - (DefaultChannelPool.java:374) 
07:35:11.534 DEBUG io.netty.buffer.PoolThreadCache - Freed 4 thread-local buffer(s) from thread: AsyncHttpClient-1-4 - (PoolThreadCache.java:224) 
